<?xml version="1.0" encoding="UTF-8"?>
<testsuite xmlns:xsi="http://www.w3.org/2001/XMLSchema-instance" xsi:schemaLocation="https://maven.apache.org/surefire/maven-surefire-plugin/xsd/surefire-test-report.xsd" name="pl.polsl.anton.pustovidko.test.ModelTest" time="0.56" tests="6" errors="0" skipped="0" failures="0">
  <properties>
[...]
</properties>
  <testcase name="simpleTestOfException" classname="pl.polsl.anton.pustovidko.test.ModelTest" time="0.066"/>
  <testcase name="testTextToBrailleConversion" classname="pl.polsl.anton.pustovidko.test.ModelTest" time="0.015"/>
  <testcase name="testBrailleToTextConversion" classname="pl.polsl.anton.pustovidko.test.ModelTest" time="0.007"/>
  <testcase name="plainTextToBraille{String, String}[1]" classname="pl.polsl.anton.pustovidko.test.ModelTest" time="0.137"/>
  <testcase name="plainTextToBraille{String, String}[2]" classname="pl.polsl.anton.pustovidko.test.ModelTest" time="0.001"/>
  <testcase name="plainTextToBraille{String, String}[3]" classname="pl.polsl.anton.pustovidko.test.ModelTest" time="0.001"/>
</testsuite>